0 info it worked if it ends with ok
1 verbose cli [ 'node',
1 verbose cli   '/usr/local/bin/npm',
1 verbose cli   'update',
1 verbose cli   '-g',
1 verbose cli   'generator-webapp' ]
2 info using npm@1.4.9
3 info using node@v0.10.28
4 verbose url raw generator-webapp
5 verbose url resolving [ 'https://registry.npmjs.org/', './generator-webapp' ]
6 verbose url resolved https://registry.npmjs.org/generator-webapp
7 info trying registry request attempt 1 at 17:34:03
8 verbose etag "EUPMTFBSV2I3OOVWBNSJ8EOPH"
9 http GET https://registry.npmjs.org/generator-webapp
10 http 304 https://registry.npmjs.org/generator-webapp
11 silly registry.get cb [ 304,
11 silly registry.get   { date: 'Thu, 28 Aug 2014 16:34:03 GMT',
11 silly registry.get     server: 'Apache',
11 silly registry.get     via: '1.1 varnish',
11 silly registry.get     'last-modified': 'Thu, 28 Aug 2014 16:34:03 GMT',
11 silly registry.get     'cache-control': 'max-age=60',
11 silly registry.get     etag: '"EUPMTFBSV2I3OOVWBNSJ8EOPH"',
11 silly registry.get     'x-served-by': 'cache-lcy1130-LCY',
11 silly registry.get     'x-cache': 'HIT',
11 silly registry.get     'x-cache-hits': '1',
11 silly registry.get     'x-timer': 'S1409243643.409368,VS0,VE0',
11 silly registry.get     vary: 'Accept',
11 silly registry.get     'content-length': '0',
11 silly registry.get     'keep-alive': 'timeout=10, max=50',
11 silly registry.get     connection: 'Keep-Alive' } ]
12 verbose etag generator-webapp from cache
13 info outdated updating [ [ '/usr/local/lib',
13 info outdated     'generator-webapp',
13 info outdated     '0.4.9',
13 info outdated     '0.5.0-rc.1',
13 info outdated     '0.4.9',
13 info outdated     '*' ] ]
14 verbose install where,what [ '/usr/local/lib', [ 'generator-webapp@0.5.0-rc.1' ] ]
15 verbose cache add [ 'generator-webapp@0.5.0-rc.1', null ]
16 verbose cache add name=undefined spec="generator-webapp@0.5.0-rc.1" args=["generator-webapp@0.5.0-rc.1",null]
17 verbose parsed url { protocol: null,
17 verbose parsed url   slashes: null,
17 verbose parsed url   auth: null,
17 verbose parsed url   host: null,
17 verbose parsed url   port: null,
17 verbose parsed url   hostname: null,
17 verbose parsed url   hash: null,
17 verbose parsed url   search: null,
17 verbose parsed url   query: null,
17 verbose parsed url   pathname: 'generator-webapp@0.5.0-rc.1',
17 verbose parsed url   path: 'generator-webapp@0.5.0-rc.1',
17 verbose parsed url   href: 'generator-webapp@0.5.0-rc.1' }
18 verbose cache add name="generator-webapp" spec="0.5.0-rc.1" args=["generator-webapp","0.5.0-rc.1"]
19 verbose parsed url { protocol: null,
19 verbose parsed url   slashes: null,
19 verbose parsed url   auth: null,
19 verbose parsed url   host: null,
19 verbose parsed url   port: null,
19 verbose parsed url   hostname: null,
19 verbose parsed url   hash: null,
19 verbose parsed url   search: null,
19 verbose parsed url   query: null,
19 verbose parsed url   pathname: '0.5.0-rc.1',
19 verbose parsed url   path: '0.5.0-rc.1',
19 verbose parsed url   href: '0.5.0-rc.1' }
20 verbose addNamed [ 'generator-webapp', '0.5.0-rc.1' ]
21 verbose addNamed [ '0.5.0-rc.1', '0.5.0-rc.1' ]
22 silly lockFile b05e131a-generator-webapp-0-5-0-rc-1 generator-webapp@0.5.0-rc.1
23 verbose lock generator-webapp@0.5.0-rc.1 /Users/b8610459/.npm/b05e131a-generator-webapp-0-5-0-rc-1.lock
24 verbose registry.get generator-webapp not expired, no request
25 silly lockFile 60a4d967--generator-webapp-0-5-0-rc-1-tgz https://registry.npmjs.org/generator-webapp/-/generator-webapp-0.5.0-rc.1.tgz
26 verbose lock https://registry.npmjs.org/generator-webapp/-/generator-webapp-0.5.0-rc.1.tgz /Users/b8610459/.npm/60a4d967--generator-webapp-0-5-0-rc-1-tgz.lock
27 verbose addRemoteTarball [ 'https://registry.npmjs.org/generator-webapp/-/generator-webapp-0.5.0-rc.1.tgz',
27 verbose addRemoteTarball   '1f126a6d876d65c8b464f56cfb37386ab110565d' ]
28 info retry fetch attempt 1 at 17:34:04
29 verbose fetch to= /var/folders/fl/kk_p8tm127vd3xxxp7dl_6f80000gp/T/npm-1947-gbZ5Svhg/1409243644548-0.8585636678617448/tmp.tgz
30 http GET https://registry.npmjs.org/generator-webapp/-/generator-webapp-0.5.0-rc.1.tgz
31 http 200 https://registry.npmjs.org/generator-webapp/-/generator-webapp-0.5.0-rc.1.tgz
32 verbose tar unpack /var/folders/fl/kk_p8tm127vd3xxxp7dl_6f80000gp/T/npm-1947-gbZ5Svhg/1409243644548-0.8585636678617448/tmp.tgz
33 silly lockFile cdafef39-erator-webapp-0-5-0-rc-1-package tar:///Users/b8610459/.npm/generator-webapp/0.5.0-rc.1/package
34 verbose lock tar:///Users/b8610459/.npm/generator-webapp/0.5.0-rc.1/package /Users/b8610459/.npm/cdafef39-erator-webapp-0-5-0-rc-1-package.lock
35 silly lockFile 7ec58416-44548-0-8585636678617448-tmp-tgz tar:///var/folders/fl/kk_p8tm127vd3xxxp7dl_6f80000gp/T/npm-1947-gbZ5Svhg/1409243644548-0.8585636678617448/tmp.tgz
36 verbose lock tar:///var/folders/fl/kk_p8tm127vd3xxxp7dl_6f80000gp/T/npm-1947-gbZ5Svhg/1409243644548-0.8585636678617448/tmp.tgz /Users/b8610459/.npm/7ec58416-44548-0-8585636678617448-tmp-tgz.lock
37 silly gunzTarPerm modes [ '755', '644' ]
38 silly gunzTarPerm extractEntry package.json
39 silly gunzTarPerm extractEntry app/index.js
40 silly gunzTarPerm extractEntry app/USAGE
41 silly gunzTarPerm extractEntry app/templates/Gruntfile.js
42 silly gunzTarPerm extractEntry app/templates/main.scss
43 silly gunzTarPerm extractEntry app/templates/_package.json
44 silly gunzTarPerm extractEntry app/templates/app/.htaccess
45 silly gunzTarPerm extractEntry app/templates/app/404.html
46 silly gunzTarPerm extractEntry app/templates/app/favicon.ico
47 silly gunzTarPerm extractEntry app/templates/app/robots.txt
48 silly gunzTarPerm extractEntry app/templates/editorconfig
49 silly gunzTarPerm extractEntry app/templates/_bower.json
50 silly gunzTarPerm extractEntry app/templates/gitignore
51 silly gunzTarPerm extractEntry app/templates/index.html
52 silly gunzTarPerm extractEntry app/templates/jshintrc
53 silly gunzTarPerm extractEntry app/templates/main.css
54 silly gunzTarPerm extractEntry app/templates/gitattributes
55 silly gunzTarPerm modified mode [ 'app/templates/gitattributes', 438, 420 ]
56 silly gunzTarPerm extractEntry readme.md
57 silly lockFile cdafef39-erator-webapp-0-5-0-rc-1-package tar:///Users/b8610459/.npm/generator-webapp/0.5.0-rc.1/package
58 silly lockFile cdafef39-erator-webapp-0-5-0-rc-1-package tar:///Users/b8610459/.npm/generator-webapp/0.5.0-rc.1/package
59 silly lockFile 7ec58416-44548-0-8585636678617448-tmp-tgz tar:///var/folders/fl/kk_p8tm127vd3xxxp7dl_6f80000gp/T/npm-1947-gbZ5Svhg/1409243644548-0.8585636678617448/tmp.tgz
60 silly lockFile 7ec58416-44548-0-8585636678617448-tmp-tgz tar:///var/folders/fl/kk_p8tm127vd3xxxp7dl_6f80000gp/T/npm-1947-gbZ5Svhg/1409243644548-0.8585636678617448/tmp.tgz
61 silly lockFile 60a4d967--generator-webapp-0-5-0-rc-1-tgz https://registry.npmjs.org/generator-webapp/-/generator-webapp-0.5.0-rc.1.tgz
62 silly lockFile 60a4d967--generator-webapp-0-5-0-rc-1-tgz https://registry.npmjs.org/generator-webapp/-/generator-webapp-0.5.0-rc.1.tgz
63 silly lockFile b05e131a-generator-webapp-0-5-0-rc-1 generator-webapp@0.5.0-rc.1
64 silly lockFile b05e131a-generator-webapp-0-5-0-rc-1 generator-webapp@0.5.0-rc.1
65 silly resolved [ { name: 'generator-webapp',
65 silly resolved     version: '0.5.0-rc.1',
65 silly resolved     description: 'Scaffold out a front-end web app',
65 silly resolved     license: 'BSD',
65 silly resolved     repository: { type: 'git', url: 'git://github.com/yeoman/generator-webapp' },
65 silly resolved     author: { name: 'The Yeoman Team' },
65 silly resolved     main: 'app/index.js',
65 silly resolved     engines: { node: '>=0.10.0', npm: '>=1.2.10' },
65 silly resolved     scripts: { test: 'mocha --reporter spec' },
65 silly resolved     files: [ 'app' ],
65 silly resolved     keywords:
65 silly resolved      [ 'yeoman-generator',
65 silly resolved        'web',
65 silly resolved        'app',
65 silly resolved        'front-end',
65 silly resolved        'h5bp',
65 silly resolved        'modernizr',
65 silly resolved        'jquery',
65 silly resolved        'grunt' ],
65 silly resolved     dependencies:
65 silly resolved      { chalk: '^0.4.0',
65 silly resolved        cheerio: '^0.17.0',
65 silly resolved        'yeoman-generator': 'git://github.com/yeoman/generator#02dc62715d0bc0550def40290fd38a48bd6e63d3',
65 silly resolved        yosay: '^0.2.0' },
65 silly resolved     peerDependencies: { yo: '>=1.2.0', 'generator-mocha': '>=0.1.0' },
65 silly resolved     devDependencies: { mocha: '*', underscore: '^1.6.0' },
65 silly resolved     readme: '# Web app generator [![Build Status](https://secure.travis-ci.org/yeoman/generator-webapp.svg?branch=master)](http://travis-ci.org/yeoman/generator-webapp)\n\n[Yeoman](http://yeoman.io) generator that scaffolds out a front-end web app.\n\n![](http://i.imgur.com/uKTT2Hj.png)\n\n## Features\n\n* CSS Autoprefixing\n* Built-in preview server with LiveReload\n* Automagically compile CoffeeScript & Sass\n* Automagically lint your scripts\n* Automagically wire up your Bower components with [grunt-wiredep](#third-party-dependencies).\n* Awesome Image Optimization (via OptiPNG, pngquant, jpegtran and gifsicle)\n* Mocha Unit Testing with PhantomJS\n* Bootstrap for Sass (Optional)\n* Leaner Modernizr builds (Optional)\n\nFor more information on what `generator-webapp` can do for you, take a look at the [Grunt tasks](https://github.com/yeoman/generator-webapp/blob/master/app/templates/_package.json) used in our `package.json`.\n\n\n## Getting Started\n\n- Install: `npm install -g generator-webapp`\n- Run: `yo webapp`\n- Run `grunt` for building and `grunt serve` for preview[*](#serve-note). `--allow-remote` option for remote access.\n\n\n#### Third-Party Dependencies\n\n*(HTML/CSS/JS/Images/etc)*\n\nThird-party dependencies are managed with [grunt-wiredep](https://github.com/stephenplusplus/grunt-wiredep). Add new dependencies using **Bower** and then run the **Grunt** task to load them:\n\n```sh\n$ bower install --save jquery\n$ grunt wiredep\n```\n\nThis works if the package author has followed the [Bower spec](https://github.com/bower/bower.json-spec). If the files are not automatically added to your source code, check with the package\'s repo for support and/or file an issue with them to have it updated.\n\nTo manually add dependencies, `bower install --save depName` to get the files, then add a `script` or `style` tag to your `index.html` or another appropriate place.\n\nThe components are installed in the root of the project at `/bower_components`. To reference them from index.html, use `src="bower_components"` or `src="/bower_components"`. Treat the `bower_components` directory as if it was a sibling to `index.html`.\n\n*Testing Note*: a project checked into source control and later checked out needs to have `bower install` run from the `test` folder as well as from the project root.\n\n\n#### Grunt Serve Note\n\nNote: `grunt server` was used for previewing in earlier versions of the project, and has since been deprecated in favor of `grunt serve`.\n\n\n## Options\n\n* `--skip-install`\n\n  Skips the automatic execution of `bower` and `npm` after scaffolding has finished.\n\n* `--test-framework=<framework>`\n\n  Defaults to `mocha`. Can be switched for another supported testing framework like `jasmine`.\n\n* `--coffee`\n\n  Add support for [CoffeeScript](http://coffeescript.org/).\n\n\n## Contribute\n\nSee the [contributing docs](https://github.com/yeoman/yeoman/blob/master/contributing.md).\n\nNote: We are regularly asked whether we can add or take away features. If a change is good enough to have a positive impact on all users, we are happy to consider it.\n\nIf not, `generator-webapp` is fork-friendly and you can always maintain a custom version which you `npm install && npm link` to continue using via `yo webapp` or a name of your choosing.\n\n\n## License\n\n[BSD license](http://opensource.org/licenses/bsd-license.php)\n',
65 silly resolved     readmeFilename: 'readme.md',
65 silly resolved     bugs: { url: 'https://github.com/yeoman/generator-webapp/issues' },
65 silly resolved     homepage: 'https://github.com/yeoman/generator-webapp',
65 silly resolved     _id: 'generator-webapp@0.5.0-rc.1',
65 silly resolved     _shasum: '1f126a6d876d65c8b464f56cfb37386ab110565d',
65 silly resolved     _from: 'generator-webapp@0.5.0-rc.1',
65 silly resolved     _resolved: 'https://registry.npmjs.org/generator-webapp/-/generator-webapp-0.5.0-rc.1.tgz' } ]
66 info install generator-webapp@0.5.0-rc.1 into /usr/local/lib
67 info installOne generator-webapp@0.5.0-rc.1
68 info /usr/local/lib/node_modules/generator-webapp unbuild
69 info preuninstall generator-webapp@0.4.9
70 info uninstall generator-webapp@0.4.9
71 verbose true,/usr/local/lib/node_modules,/usr/local/lib/node_modules unbuild generator-webapp@0.4.9
72 info postuninstall generator-webapp@0.4.9
73 info /usr/local/lib/node_modules/generator-webapp unbuild
74 info preuninstall generator-webapp@0.4.9
75 info uninstall generator-webapp@0.4.9
76 verbose true,/usr/local/lib/node_modules,/usr/local/lib/node_modules unbuild generator-webapp@0.4.9
77 info postuninstall generator-webapp@0.4.9
78 error error rolling back Error: EACCES, unlink '/usr/local/lib/node_modules/generator-webapp'
78 error error rolling back  generator-webapp@0.5.0-rc.1 { [Error: EACCES, unlink '/usr/local/lib/node_modules/generator-webapp']
78 error error rolling back   errno: 3,
78 error error rolling back   code: 'EACCES',
78 error error rolling back   path: '/usr/local/lib/node_modules/generator-webapp' }
79 error Error: EACCES, unlink '/usr/local/lib/node_modules/generator-webapp'
79 error  { [Error: EACCES, unlink '/usr/local/lib/node_modules/generator-webapp']
79 error   errno: 3,
79 error   code: 'EACCES',
79 error   path: '/usr/local/lib/node_modules/generator-webapp' }
80 error Please try running this command again as root/Administrator.
81 error System Darwin 13.3.0
82 error command "node" "/usr/local/bin/npm" "update" "-g" "generator-webapp"
83 error cwd /Users/b8610459/Boom
84 error node -v v0.10.28
85 error npm -v 1.4.9
86 error path /usr/local/lib/node_modules/generator-webapp
87 error code EACCES
88 error errno 3
89 error stack Error: EACCES, unlink '/usr/local/lib/node_modules/generator-webapp'
90 verbose exit [ 3, true ]
